[0712/135644:ERROR:tcp_socket_win.cc(335)] bind() returned an error: Only one usage of each socket address (protocol/network address/port) is normally permitted. (0x2740)
[0712/135644:ERROR:devtools_http_handler.cc(229)] Cannot start http server for devtools. Stop devtools.
[0807/130655:INFO:CONSOLE(0)] "'webkitIDBCursor' is deprecated. Please use 'IDBCursor' instead.", source:  (0)
[0807/130656:INFO:CONSOLE(1)] "Uncaught SyntaxError: Unexpected identifier", source: http://sp.analytics.yahoo.com/sp.pl?a=10001942155268&jsonp=YAHOO.ywa.I13N.handleJSONResponse&d=Mon%2C%2007%20Aug%202017%2018%3A06%3A55%20GMT&n=5d&b=Altium%20Documentation%20%7C%20Online%20Documentation%20for%20Altium%20Products&.yp=429165&f=http%3A%2F%2Fwww.altium.com%2Fdocumentation%2F&enc=UTF-8 (1)
[0807/130656:INFO:CONSOLE(24)] "Facebook Pixel Warning: Multiple pixels with conflicting versions were detected on this page", source: http://connect.facebook.net/en_US/fbevents.js (24)
[0807/130659:INFO:CONSOLE(1)] "No Vidyard Players found. (include this script below player embed codes)", source: http://play.vidyard.com/v0/google-analytics.js (1)
[0807/130659:INFO:CONSOLE(1)] "Uncaught SyntaxError: Unexpected identifier", source: http://sp.analytics.yahoo.com/sp.pl?a=10001942155268&jsonp=YAHOO.ywa.I13N.handleJSONResponse&d=Mon%2C%2007%20Aug%202017%2018%3A06%3A59%20GMT&n=5d&b=Octopart%20Part%20Lookup&.yp=429165&f=http%3A%2F%2Fwww.altium.com%2Fproducts%2Fextensions%2Fplatform-extensions%2Foctopart-part-lookup&e=http%3A%2F%2Fwww.altium.com%2Fad-start%2F&enc=UTF-8 (1)
[0807/130659:INFO:CONSOLE(43)] "[object Object]", source:  (43)
[0807/130700:INFO:CONSOLE(24)] "Facebook Pixel Warning: Multiple pixels with conflicting versions were detected on this page", source: https://connect.facebook.net/en_US/fbevents.js (24)
[0807/130700:ERROR:webrtcsession.cc(1388)] ConnectDataChannel called when data_channel_ is NULL.
[0807/130700:WARNING:mediasession.cc(376)] Duplicate id found. Reassigning from 101 to 127
[0807/130700:INFO:CONSOLE(0)] "Refused to execute script from 'https://dc.ads.linkedin.com/collect/?time=1502129219978&pid=15042&url=http%3A%2F%2Fwww.altium.com%2Fproducts%2Fextensions%2Fplatform-extensions%2Foctopart-part-lookup&pageUrl=http%3A%2F%2Fwww.altium.com%2Fproducts%2Fextensions%2Fplatform-extensions%2Foctopart-part-lookup&ref=http%3A%2F%2Fwww.altium.com%2Fad-start%2F&fmt=js&s=1' because its MIME type ('image/gif') is not executable.", source: http://www.altium.com/products/extensions/platform-extensions/octopart-part-lookup (0)
[0807/130700:WARNING:p2ptransportchannel.cc(487)] Jingle:Port[011FE4E8:data:1:0:local:Net[any:0.0.0.x/0:Unknown]]: SetOption(5, 0) failed: 0
[0807/130700:WARNING:p2ptransportchannel.cc(487)] Jingle:Port[011FFCF8:data:1:0:local:Net[any:0:0:0:x:x:x:x:x/0:Unknown]]: SetOption(5, 0) failed: 0
[0807/130712:INFO:CONSOLE(0)] "Synchronous XMLHttpRequest on the main thread is deprecated because of its detrimental effects to the end user's experience. For more help, check https://xhr.spec.whatwg.org/.", source:  (0)
[0807/130713:INFO:CONSOLE(1)] "No Vidyard Players found. (include this script below player embed codes)", source: http://play.vidyard.com/v0/google-analytics.js (1)
[0807/130713:INFO:CONSOLE(1)] "Uncaught SyntaxError: Unexpected identifier", source: http://sp.analytics.yahoo.com/sp.pl?a=10001942155268&jsonp=YAHOO.ywa.I13N.handleJSONResponse&d=Mon%2C%2007%20Aug%202017%2018%3A07%3A13%20GMT&n=5d&b=Platform%20Extensions%20-%20Altium&.yp=429165&f=http%3A%2F%2Fwww.altium.com%2Fproducts%2Fextensions%2Fplatform-extensions&e=http%3A%2F%2Fwww.altium.com%2Fproducts%2Fextensions%2Fplatform-extensions%2Foctopart-part-lookup&enc=UTF-8 (1)
[0807/130714:INFO:CONSOLE(43)] "[object Object]", source:  (43)
[0807/130714:INFO:CONSOLE(24)] "Facebook Pixel Warning: Multiple pixels with conflicting versions were detected on this page", source: https://connect.facebook.net/en_US/fbevents.js (24)
[0807/130714:INFO:CONSOLE(0)] "Refused to execute script from 'https://dc.ads.linkedin.com/collect/?time=1502129234782&pid=15042&url=http%3A%2F%2Fwww.altium.com%2Fproducts%2Fextensions%2Fplatform-extensions&pageUrl=http%3A%2F%2Fwww.altium.com%2Fproducts%2Fextensions%2Fplatform-extensions&ref=http%3A%2F%2Fwww.altium.com%2Fproducts%2Fextensions%2Fplatform-extensions%2Foctopart-part-lookup&fmt=js&s=1' because its MIME type ('image/gif') is not executable.", source: http://www.altium.com/products/extensions/platform-extensions (0)
[0807/130714:ERROR:webrtcsession.cc(1388)] ConnectDataChannel called when data_channel_ is NULL.
[0807/130715:WARNING:mediasession.cc(376)] Duplicate id found. Reassigning from 101 to 127
[0807/130715:WARNING:p2ptransportchannel.cc(487)] Jingle:Port[122410A0:data:1:0:local:Net[any:0.0.0.x/0:Unknown]]: SetOption(5, 0) failed: 0
[0807/130715:WARNING:p2ptransportchannel.cc(487)] Jingle:Port[1223E7B8:data:1:0:local:Net[any:0:0:0:x:x:x:x:x/0:Unknown]]: SetOption(5, 0) failed: 0
[0807/130727:INFO:CONSOLE(0)] "Synchronous XMLHttpRequest on the main thread is deprecated because of its detrimental effects to the end user's experience. For more help, check https://xhr.spec.whatwg.org/.", source:  (0)
[0807/130728:INFO:CONSOLE(1)] "No Vidyard Players found. (include this script below player embed codes)", source: http://play.vidyard.com/v0/google-analytics.js (1)
[0807/130728:INFO:CONSOLE(1)] "Uncaught SyntaxError: Unexpected identifier", source: http://sp.analytics.yahoo.com/sp.pl?a=10001942155268&jsonp=YAHOO.ywa.I13N.handleJSONResponse&d=Mon%2C%2007%20Aug%202017%2018%3A07%3A28%20GMT&n=5d&b=Octopart%20Part%20Lookup&.yp=429165&f=http%3A%2F%2Fwww.altium.com%2Fproducts%2Fextensions%2Fplatform-extensions%2Foctopart-part-lookup&e=http%3A%2F%2Fwww.altium.com%2Fproducts%2Fextensions%2Fplatform-extensions&enc=UTF-8 (1)
[0807/130728:INFO:CONSOLE(24)] "Facebook Pixel Warning: Multiple pixels with conflicting versions were detected on this page", source: https://connect.facebook.net/en_US/fbevents.js (24)
[0807/130728:INFO:CONSOLE(0)] "Refused to execute script from 'https://dc.ads.linkedin.com/collect/?time=1502129248739&pid=15042&url=http%3A%2F%2Fwww.altium.com%2Fproducts%2Fextensions%2Fplatform-extensions%2Foctopart-part-lookup&pageUrl=http%3A%2F%2Fwww.altium.com%2Fproducts%2Fextensions%2Fplatform-extensions%2Foctopart-part-lookup&ref=http%3A%2F%2Fwww.altium.com%2Fproducts%2Fextensions%2Fplatform-extensions&fmt=js&s=1' because its MIME type ('image/gif') is not executable.", source: http://www.altium.com/products/extensions/platform-extensions/octopart-part-lookup (0)
[0807/130728:INFO:CONSOLE(43)] "[object Object]", source:  (43)
[0807/130729:ERROR:webrtcsession.cc(1388)] ConnectDataChannel called when data_channel_ is NULL.
[0807/130729:WARNING:mediasession.cc(376)] Duplicate id found. Reassigning from 101 to 127
[0807/130729:WARNING:p2ptransportchannel.cc(487)] Jingle:Port[1223EEF0:data:1:0:local:Net[any:0.0.0.x/0:Unknown]]: SetOption(5, 0) failed: 0
[0807/130729:WARNING:p2ptransportchannel.cc(487)] Jingle:Port[1223E7B8:data:1:0:local:Net[any:0:0:0:x:x:x:x:x/0:Unknown]]: SetOption(5, 0) failed: 0
[0807/130810:INFO:CONSOLE(1)] "Uncaught SyntaxError: Unexpected identifier", source: http://sp.analytics.yahoo.com/sp.pl?a=10001942155268&jsonp=YAHOO.ywa.I13N.handleJSONResponse&d=Mon%2C%2007%20Aug%202017%2018%3A08%3A10%20GMT&n=5d&b=Altium%20Design%20Platform%20Product%20Extension%20Applications%20(Third%20Party%20Integration)&.yp=429165&f=http%3A%2F%2Fwww.altium.com%2Fproducts%2Fextensions&e=http%3A%2F%2Fwww.altium.com%2Fad-start%2F&enc=UTF-8 (1)
[0807/130811:ERROR:webrtcsession.cc(1388)] ConnectDataChannel called when data_channel_ is NULL.
[0807/130811:WARNING:mediasession.cc(376)] Duplicate id found. Reassigning from 101 to 127
[0807/130811:WARNING:p2ptransportchannel.cc(487)] Jingle:Port[1223FD60:data:1:0:local:Net[any:0.0.0.x/0:Unknown]]: SetOption(5, 0) failed: 0
[0807/130811:WARNING:p2ptransportchannel.cc(487)] Jingle:Port[1223E2E8:data:1:0:local:Net[any:0:0:0:x:x:x:x:x/0:Unknown]]: SetOption(5, 0) failed: 0
[0807/130811:INFO:CONSOLE(43)] "[object Object]", source:  (43)
[0807/130811:INFO:CONSOLE(24)] "Facebook Pixel Warning: Multiple pixels with conflicting versions were detected on this page", source: https://connect.facebook.net/en_US/fbevents.js (24)
[0807/130811:INFO:CONSOLE(0)] "Refused to execute script from 'https://dc.ads.linkedin.com/collect/?time=1502129291564&pid=15042&url=http%3A%2F%2Fwww.altium.com%2Fproducts%2Fextensions&pageUrl=http%3A%2F%2Fwww.altium.com%2Fproducts%2Fextensions&ref=http%3A%2F%2Fwww.altium.com%2Fad-start%2F&fmt=js&s=1' because its MIME type ('image/gif') is not executable.", source: http://www.altium.com/products/extensions (0)
[0807/130822:INFO:CONSOLE(0)] "Synchronous XMLHttpRequest on the main thread is deprecated because of its detrimental effects to the end user's experience. For more help, check https://xhr.spec.whatwg.org/.", source:  (0)
[0807/130824:INFO:CONSOLE(43)] "Uncaught TypeError: Cannot read property 'isEmptyObject' of undefined", source: http://techdocs.altium.com/sites/all/themes/custom/altiumwiki/js/marketo.js?ototqa (43)
[0807/130824:INFO:CONSOLE(15)] "[object Object]", source: http://techdocs.altium.com/sites/all/themes/custom/altiumwiki/js/modalWindow.js (15)
[0807/130824:ERROR:webrtcsession.cc(1388)] ConnectDataChannel called when data_channel_ is NULL.
[0807/130824:INFO:CONSOLE(24)] "Facebook Pixel Warning: Multiple pixels with conflicting versions were detected on this page", source: https://connect.facebook.net/en_US/fbevents.js (24)
[0807/130824:WARNING:mediasession.cc(376)] Duplicate id found. Reassigning from 101 to 127
[0807/130825:WARNING:p2ptransportchannel.cc(487)] Jingle:Port[011FF358:data:1:0:local:Net[any:0.0.0.x/0:Unknown]]: SetOption(5, 0) failed: 0
[0807/130825:WARNING:p2ptransportchannel.cc(487)] Jingle:Port[011FF828:data:1:0:local:Net[any:0:0:0:x:x:x:x:x/0:Unknown]]: SetOption(5, 0) failed: 0
[0807/130825:INFO:CONSOLE(0)] "Refused to execute script from 'https://dc.ads.linkedin.com/collect/?time=1502129305635&pid=15042&url=http%3A%2F%2Ftechdocs.altium.com%2Fdisplay%2FATPE%2FExtensions%2Bby%2BOctopart&pageUrl=http%3A%2F%2Ftechdocs.altium.com%2Fdisplay%2FATPE%2FExtensions%2Bby%2BOctopart&ref=http%3A%2F%2Fgs.altium.com%2Fsearch%2Fsite%2Foctopart&fmt=js&s=1' because its MIME type ('image/gif') is not executable.", source: http://techdocs.altium.com/display/ATPE/Extensions+by+Octopart (0)
[0807/130942:INFO:CONSOLE(0)] "Synchronous XMLHttpRequest on the main thread is deprecated because of its detrimental effects to the end user's experience. For more help, check https://xhr.spec.whatwg.org/.", source:  (0)
[0807/130943:INFO:CONSOLE(43)] "Uncaught TypeError: Cannot read property 'isEmptyObject' of undefined", source: http://techdocs.altium.com/sites/all/themes/custom/altiumwiki/js/marketo.js?ototqa (43)
[0807/130944:INFO:CONSOLE(24)] "Facebook Pixel Warning: Multiple pixels with conflicting versions were detected on this page", source: https://connect.facebook.net/en_US/fbevents.js (24)
[0807/130944:ERROR:webrtcsession.cc(1388)] ConnectDataChannel called when data_channel_ is NULL.
[0807/130944:WARNING:mediasession.cc(376)] Duplicate id found. Reassigning from 101 to 127
[0807/130944:WARNING:p2ptransportchannel.cc(487)] Jingle:Port[011FF5C0:data:1:0:local:Net[any:0.0.0.x/0:Unknown]]: SetOption(5, 0) failed: 0
[0807/130944:WARNING:p2ptransportchannel.cc(487)] Jingle:Port[011FE280:data:1:0:local:Net[any:0:0:0:x:x:x:x:x/0:Unknown]]: SetOption(5, 0) failed: 0
[0807/130945:INFO:CONSOLE(0)] "Refused to execute script from 'https://dc.ads.linkedin.com/collect/?time=1502129385094&pid=15042&url=http%3A%2F%2Ftechdocs.altium.com%2Fdisplay%2FATPE%2FOctopart%2BPart%2BLookup%2Bfor%2BAltium%2BDesigner&pageUrl=http%3A%2F%2Ftechdocs.altium.com%2Fdisplay%2FATPE%2FOctopart%2BPart%2BLookup%2Bfor%2BAltium%2BDesigner&ref=http%3A%2F%2Ftechdocs.altium.com%2Fdisplay%2FATPE%2FExtensions%2Bby%2BOctopart&fmt=js&s=1' because its MIME type ('image/gif') is not executable.", source: http://techdocs.altium.com/display/ATPE/Octopart+Part+Lookup+for+Altium+Designer (0)
[0807/131014:INFO:CONSOLE(1)] "Uncaught SyntaxError: Unexpected identifier", source: http://sp.analytics.yahoo.com/sp.pl?a=10001942155268&jsonp=YAHOO.ywa.I13N.handleJSONResponse&d=Mon%2C%2007%20Aug%202017%2018%3A10%3A14%20GMT&n=5d&b=Altium%20Documentation%20%7C%20Online%20Documentation%20for%20Altium%20Products&.yp=429165&f=http%3A%2F%2Fwww.altium.com%2Fdocumentation%2F&enc=UTF-8 (1)
[0807/131014:INFO:CONSOLE(24)] "Facebook Pixel Warning: Multiple pixels with conflicting versions were detected on this page", source: https://connect.facebook.net/en_US/fbevents.js (24)
[0809/215805:ERROR:browser_gpu_channel_host_factory.cc(119)] Failed to launch GPU process.
[0108/085518:INFO:CONSOLE(0)] "Synchronous XMLHttpRequest on the main thread is deprecated because of its detrimental effects to the end user's experience. For more help, check https://xhr.spec.whatwg.org/.", source:  (0)
[0108/085518:INFO:CONSOLE(241)] "No Vidyard Players found. (include this script below player embed codes)", source: https://assets.vidyard.com/play/js/v0/google-analytics-269e106b2f9f108c34a38a2a25b0dba6.js (241)
[0108/085519:INFO:CONSOLE(1)] "Uncaught SyntaxError: Unexpected identifier", source: http://sp.analytics.yahoo.com/sp.pl?a=10001942155268&jsonp=YAHOO.ywa.I13N.handleJSONResponse&d=Mon%2C%2008%20Jan%202018%2014%3A55%3A18%20GMT&n=6&b=Octopart%20Part%20Lookup&.yp=429165&f=http%3A%2F%2Fwww.altium.com%2Fproducts%2Fextensions%2Fplatform-extensions%2Foctopart-part-lookup&e=http%3A%2F%2Fwww.altium.com%2Fad-start%2F&enc=UTF-8 (1)
[0108/085519:INFO:CONSOLE(43)] "[object Object]", source:  (43)
[0108/085520:INFO:CONSOLE(0)] "Refused to execute script from 'https://dc.ads.linkedin.com/collect/?time=1515423319878&pid=15042&url=http%3A%2F%2Fwww.altium.com%2Fproducts%2Fextensions%2Fplatform-extensions%2Foctopart-part-lookup&pageUrl=http%3A%2F%2Fwww.altium.com%2Fproducts%2Fextensions%2Fplatform-extensions%2Foctopart-part-lookup&ref=http%3A%2F%2Fwww.altium.com%2Fad-start%2F&fmt=js&s=1' because its MIME type ('image/gif') is not executable.", source: http://www.altium.com/products/extensions/platform-extensions/octopart-part-lookup (0)
[0108/085520:INFO:CONSOLE(25)] "[Facebook Pixel] - Multiple pixels with conflicting versions were detected on this page.", source: http://connect.facebook.net/en_US/fbevents.js (25)
[0108/085520:ERROR:webrtcsession.cc(1388)] ConnectDataChannel called when data_channel_ is NULL.
[0108/085520:ERROR:render_media_log.cc(23)] MediaEvent: PIPELINE_ERROR demuxer: could not open
[0108/085520:WARNING:mediasession.cc(376)] Duplicate id found. Reassigning from 101 to 127
[0108/085520:WARNING:p2ptransportchannel.cc(487)] Jingle:Port[10D27240:data:1:0:local:Net[any:0.0.0.x/0:Unknown]]: SetOption(5, 0) failed: 0
[0108/085520:WARNING:p2ptransportchannel.cc(487)] Jingle:Port[10D26D70:data:1:0:local:Net[any:0:0:0:x:x:x:x:x/0:Unknown]]: SetOption(5, 0) failed: 0
[0108/085523:INFO:CONSOLE(1)] "Uncaught (in promise) NotSupportedError: The element has no supported sources.", source: https://js.driftt.com/dist/assets/widget-091a0bdcacbac97df344-prod.js (1)
[0108/085524:INFO:CONSOLE(1)] "Uncaught (in promise) NotSupportedError: The element has no supported sources.", source: https://js.driftt.com/dist/assets/widget-091a0bdcacbac97df344-prod.js (1)
